{"C:\\Users\\anura\\OneDrive\\Desktop\\WorkSpace\\project\\ecommerce\\src\\controllers\\auth.ts":{"path":"C:\\Users\\anura\\OneDrive\\Desktop\\WorkSpace\\project\\ecommerce\\src\\controllers\\auth.ts","statementMap":{"0":{"start":{"line":11,"column":22},"end":{"line":23,"column":1}},"1":{"start":{"line":12,"column":4},"end":{"line":12,"column":33}},"2":{"start":{"line":13,"column":38},"end":{"line":13,"column":46}},"3":{"start":{"line":14,"column":15},"end":{"line":14,"column":70}},"4":{"start":{"line":15,"column":4},"end":{"line":17,"column":5}},"5":{"start":{"line":16,"column":8},"end":{"line":16,"column":92}},"6":{"start":{"line":18,"column":4},"end":{"line":20,"column":7}},"7":{"start":{"line":21,"column":4},"end":{"line":21,"column":18}},"8":{"start":{"line":24,"column":21},"end":{"line":38,"column":1}},"9":{"start":{"line":25,"column":32},"end":{"line":25,"column":40}},"10":{"start":{"line":26,"column":15},"end":{"line":26,"column":70}},"11":{"start":{"line":27,"column":4},"end":{"line":29,"column":5}},"12":{"start":{"line":28,"column":8},"end":{"line":28,"column":80}},"13":{"start":{"line":30,"column":4},"end":{"line":32,"column":5}},"14":{"start":{"line":31,"column":8},"end":{"line":31,"column":88}},"15":{"start":{"line":33,"column":18},"end":{"line":35,"column":18}},"16":{"start":{"line":37,"column":4},"end":{"line":37,"column":29}},"17":{"start":{"line":41,"column":18},"end":{"line":43,"column":1}},"18":{"start":{"line":42,"column":4},"end":{"line":42,"column":33}}},"fnMap":{"0":{"name":"(anonymous_0)","decl":{"start":{"line":11,"column":22},"end":{"line":11,"column":23}},"loc":{"start":{"line":11,"column":81},"end":{"line":23,"column":1}},"line":11},"1":{"name":"(anonymous_1)","decl":{"start":{"line":24,"column":21},"end":{"line":24,"column":22}},"loc":{"start":{"line":24,"column":60},"end":{"line":38,"column":1}},"line":24},"2":{"name":"(anonymous_2)","decl":{"start":{"line":41,"column":18},"end":{"line":41,"column":19}},"loc":{"start":{"line":41,"column":57},"end":{"line":43,"column":1}},"line":41}},"branchMap":{"0":{"loc":{"start":{"line":15,"column":4},"end":{"line":17,"column":5}},"type":"if","locations":[{"start":{"line":15,"column":4},"end":{"line":17,"column":5}},{"start":{},"end":{}}],"line":15},"1":{"loc":{"start":{"line":27,"column":4},"end":{"line":29,"column":5}},"type":"if","locations":[{"start":{"line":27,"column":4},"end":{"line":29,"column":5}},{"start":{},"end":{}}],"line":27},"2":{"loc":{"start":{"line":30,"column":4},"end":{"line":32,"column":5}},"type":"if","locations":[{"start":{"line":30,"column":4},"end":{"line":32,"column":5}},{"start":{},"end":{}}],"line":30}},"s":{"0":0,"1":0,"2":0,"3":0,"4":0,"5":0,"6":0,"7":0,"8":0,"9":0,"10":0,"11":0,"12":0,"13":0,"14":0,"15":0,"16":0,"17":0,"18":0},"f":{"0":0,"1":0,"2":0},"b":{"0":[0,0],"1":[0,0],"2":[0,0]},"all":true},"C:\\Users\\anura\\OneDrive\\Desktop\\WorkSpace\\project\\ecommerce\\src\\error-handler.ts":{"path":"C:\\Users\\anura\\OneDrive\\Desktop\\WorkSpace\\project\\ecommerce\\src\\error-handler.ts","statementMap":{"0":{"start":{"line":5,"column":28},"end":{"line":20,"column":1}},"1":{"start":{"line":6,"column":4},"end":{"line":19,"column":5}},"2":{"start":{"line":7,"column":8},"end":{"line":18,"column":9}},"3":{"start":{"line":8,"column":12},"end":{"line":8,"column":40}},"4":{"start":{"line":12,"column":12},"end":{"line":16,"column":13}},"5":{"start":{"line":13,"column":16},"end":{"line":13,"column":34}},"6":{"start":{"line":15,"column":16},"end":{"line":15,"column":112}},"7":{"start":{"line":17,"column":12},"end":{"line":17,"column":28}}},"fnMap":{"0":{"name":"(anonymous_0)","decl":{"start":{"line":5,"column":28},"end":{"line":5,"column":29}},"loc":{"start":{"line":5,"column":50},"end":{"line":20,"column":1}},"line":5},"1":{"name":"(anonymous_1)","decl":{"start":{"line":6,"column":11},"end":{"line":6,"column":12}},"loc":{"start":{"line":6,"column":70},"end":{"line":19,"column":5}},"line":6}},"branchMap":{"0":{"loc":{"start":{"line":12,"column":12},"end":{"line":16,"column":13}},"type":"if","locations":[{"start":{"line":12,"column":12},"end":{"line":16,"column":13}},{"start":{"line":14,"column":17},"end":{"line":16,"column":13}}],"line":12}},"s":{"0":0,"1":0,"2":0,"3":0,"4":0,"5":0,"6":0,"7":0},"f":{"0":0,"1":0},"b":{"0":[0,0]},"all":true},"C:\\Users\\anura\\OneDrive\\Desktop\\WorkSpace\\project\\ecommerce\\src\\exceptions\\bad-request.ts":{"path":"C:\\Users\\anura\\OneDrive\\Desktop\\WorkSpace\\project\\ecommerce\\src\\exceptions\\bad-request.ts","statementMap":{"0":{"start":{"line":4,"column":8},"end":{"line":4,"column":45}}},"fnMap":{"0":{"name":"(anonymous_0)","decl":{"start":{"line":3,"column":4},"end":{"line":3,"column":5}},"loc":{"start":{"line":3,"column":55},"end":{"line":5,"column":5}},"line":3}},"branchMap":{},"s":{"0":0},"f":{"0":0},"b":{},"all":true},"C:\\Users\\anura\\OneDrive\\Desktop\\WorkSpace\\project\\ecommerce\\src\\exceptions\\internal-exception.ts":{"path":"C:\\Users\\anura\\OneDrive\\Desktop\\WorkSpace\\project\\ecommerce\\src\\exceptions\\internal-exception.ts","statementMap":{"0":{"start":{"line":5,"column":8},"end":{"line":5,"column":48}}},"fnMap":{"0":{"name":"(anonymous_0)","decl":{"start":{"line":4,"column":4},"end":{"line":4,"column":5}},"loc":{"start":{"line":4,"column":67},"end":{"line":6,"column":5}},"line":4}},"branchMap":{},"s":{"0":0},"f":{"0":0},"b":{},"all":true},"C:\\Users\\anura\\OneDrive\\Desktop\\WorkSpace\\project\\ecommerce\\src\\exceptions\\not-found.ts":{"path":"C:\\Users\\anura\\OneDrive\\Desktop\\WorkSpace\\project\\ecommerce\\src\\exceptions\\not-found.ts","statementMap":{"0":{"start":{"line":4,"column":8},"end":{"line":4,"column":45}}},"fnMap":{"0":{"name":"(anonymous_0)","decl":{"start":{"line":3,"column":4},"end":{"line":3,"column":5}},"loc":{"start":{"line":3,"column":55},"end":{"line":5,"column":5}},"line":3}},"branchMap":{},"s":{"0":0},"f":{"0":0},"b":{},"all":true},"C:\\Users\\anura\\OneDrive\\Desktop\\WorkSpace\\project\\ecommerce\\src\\exceptions\\root.ts":{"path":"C:\\Users\\anura\\OneDrive\\Desktop\\WorkSpace\\project\\ecommerce\\src\\exceptions\\root.ts","statementMap":{"0":{"start":{"line":8,"column":8},"end":{"line":8,"column":23}},"1":{"start":{"line":9,"column":8},"end":{"line":9,"column":31}},"2":{"start":{"line":10,"column":8},"end":{"line":10,"column":35}},"3":{"start":{"line":11,"column":8},"end":{"line":11,"column":37}},"4":{"start":{"line":12,"column":8},"end":{"line":12,"column":29}}},"fnMap":{"0":{"name":"(anonymous_0)","decl":{"start":{"line":7,"column":4},"end":{"line":7,"column":5}},"loc":{"start":{"line":7,"column":88},"end":{"line":13,"column":5}},"line":7}},"branchMap":{},"s":{"0":0,"1":0,"2":0,"3":0,"4":0},"f":{"0":0},"b":{},"all":true},"C:\\Users\\anura\\OneDrive\\Desktop\\WorkSpace\\project\\ecommerce\\src\\exceptions\\unauthorized.ts":{"path":"C:\\Users\\anura\\OneDrive\\Desktop\\WorkSpace\\project\\ecommerce\\src\\exceptions\\unauthorized.ts","statementMap":{"0":{"start":{"line":4,"column":8},"end":{"line":4,"column":45}}},"fnMap":{"0":{"name":"(anonymous_0)","decl":{"start":{"line":3,"column":4},"end":{"line":3,"column":5}},"loc":{"start":{"line":3,"column":55},"end":{"line":5,"column":5}},"line":3}},"branchMap":{},"s":{"0":0},"f":{"0":0},"b":{},"all":true},"C:\\Users\\anura\\OneDrive\\Desktop\\WorkSpace\\project\\ecommerce\\src\\exceptions\\validation.ts":{"path":"C:\\Users\\anura\\OneDrive\\Desktop\\WorkSpace\\project\\ecommerce\\src\\exceptions\\validation.ts","statementMap":{"0":{"start":{"line":5,"column":8},"end":{"line":5,"column":45}}},"fnMap":{"0":{"name":"(anonymous_0)","decl":{"start":{"line":4,"column":4},"end":{"line":4,"column":5}},"loc":{"start":{"line":4,"column":66},"end":{"line":6,"column":5}},"line":4}},"branchMap":{},"s":{"0":0},"f":{"0":0},"b":{},"all":true},"C:\\Users\\anura\\OneDrive\\Desktop\\WorkSpace\\project\\ecommerce\\src\\index.ts":{"path":"C:\\Users\\anura\\OneDrive\\Desktop\\WorkSpace\\project\\ecommerce\\src\\index.ts","statementMap":{"0":{"start":{"line":9,"column":21},"end":{"line":9,"column":30}},"1":{"start":{"line":10,"column":0},"end":{"line":10,"column":28}},"2":{"start":{"line":11,"column":0},"end":{"line":11,"column":24}},"3":{"start":{"line":12,"column":0},"end":{"line":12,"column":28}},"4":{"start":{"line":13,"column":0},"end":{"line":13,"column":24}},"5":{"start":{"line":14,"column":16},"end":{"line":22,"column":2}},"6":{"start":{"line":24,"column":28},"end":{"line":27,"column":2}},"7":{"start":{"line":30,"column":0},"end":{"line":32,"column":3}},"8":{"start":{"line":31,"column":2},"end":{"line":31,"column":51}}},"fnMap":{"0":{"name":"(anonymous_0)","decl":{"start":{"line":30,"column":17},"end":{"line":30,"column":18}},"loc":{"start":{"line":30,"column":23},"end":{"line":32,"column":1}},"line":30}},"branchMap":{"0":{"loc":{"start":{"line":15,"column":8},"end":{"line":15,"column":48}},"type":"binary-expr","locations":[{"start":{"line":15,"column":8},"end":{"line":15,"column":33}},{"start":{"line":15,"column":37},"end":{"line":15,"column":48}}],"line":15},"1":{"loc":{"start":{"line":16,"column":8},"end":{"line":16,"column":43}},"type":"binary-expr","locations":[{"start":{"line":16,"column":8},"end":{"line":16,"column":33}},{"start":{"line":16,"column":37},"end":{"line":16,"column":43}}],"line":16},"2":{"loc":{"start":{"line":17,"column":12},"end":{"line":17,"column":51}},"type":"binary-expr","locations":[{"start":{"line":17,"column":12},"end":{"line":17,"column":41}},{"start":{"line":17,"column":45},"end":{"line":17,"column":51}}],"line":17},"3":{"loc":{"start":{"line":18,"column":12},"end":{"line":18,"column":52}},"type":"binary-expr","locations":[{"start":{"line":18,"column":12},"end":{"line":18,"column":37}},{"start":{"line":18,"column":41},"end":{"line":18,"column":52}}],"line":18},"4":{"loc":{"start":{"line":19,"column":8},"end":{"line":19,"column":49}},"type":"binary-expr","locations":[{"start":{"line":19,"column":8},"end":{"line":19,"column":41}},{"start":{"line":19,"column":45},"end":{"line":19,"column":49}}],"line":19}},"s":{"0":0,"1":0,"2":0,"3":0,"4":0,"5":0,"6":0,"7":0,"8":0},"f":{"0":0},"b":{"0":[0,0],"1":[0,0],"2":[0,0],"3":[0,0],"4":[0,0]},"all":true},"C:\\Users\\anura\\OneDrive\\Desktop\\WorkSpace\\project\\ecommerce\\src\\middlewares\\auth.ts":{"path":"C:\\Users\\anura\\OneDrive\\Desktop\\WorkSpace\\project\\ecommerce\\src\\middlewares\\auth.ts","statementMap":{"0":{"start":{"line":8,"column":30},"end":{"line":34,"column":1}},"1":{"start":{"line":10,"column":18},"end":{"line":10,"column":43}},"2":{"start":{"line":12,"column":4},"end":{"line":15,"column":5}},"3":{"start":{"line":13,"column":8},"end":{"line":13,"column":85}},"4":{"start":{"line":14,"column":8},"end":{"line":14,"column":15}},"5":{"start":{"line":16,"column":4},"end":{"line":32,"column":5}},"6":{"start":{"line":18,"column":24},"end":{"line":18,"column":60}},"7":{"start":{"line":20,"column":21},"end":{"line":20,"column":98}},"8":{"start":{"line":21,"column":8},"end":{"line":24,"column":9}},"9":{"start":{"line":22,"column":12},"end":{"line":22,"column":86}},"10":{"start":{"line":23,"column":12},"end":{"line":23,"column":19}},"11":{"start":{"line":26,"column":8},"end":{"line":26,"column":24}},"12":{"start":{"line":27,"column":8},"end":{"line":27,"column":15}},"13":{"start":{"line":31,"column":8},"end":{"line":31,"column":81}}},"fnMap":{"0":{"name":"(anonymous_0)","decl":{"start":{"line":8,"column":30},"end":{"line":8,"column":31}},"loc":{"start":{"line":8,"column":88},"end":{"line":34,"column":1}},"line":8}},"branchMap":{"0":{"loc":{"start":{"line":12,"column":4},"end":{"line":15,"column":5}},"type":"if","locations":[{"start":{"line":12,"column":4},"end":{"line":15,"column":5}},{"start":{},"end":{}}],"line":12},"1":{"loc":{"start":{"line":21,"column":8},"end":{"line":24,"column":9}},"type":"if","locations":[{"start":{"line":21,"column":8},"end":{"line":24,"column":9}},{"start":{},"end":{}}],"line":21}},"s":{"0":0,"1":0,"2":0,"3":0,"4":0,"5":0,"6":0,"7":0,"8":0,"9":0,"10":0,"11":0,"12":0,"13":0},"f":{"0":0},"b":{"0":[0,0],"1":[0,0]},"all":true},"C:\\Users\\anura\\OneDrive\\Desktop\\WorkSpace\\project\\ecommerce\\src\\middlewares\\errors.ts":{"path":"C:\\Users\\anura\\OneDrive\\Desktop\\WorkSpace\\project\\ecommerce\\src\\middlewares\\errors.ts","statementMap":{"0":{"start":{"line":4,"column":31},"end":{"line":10,"column":1}},"1":{"start":{"line":5,"column":4},"end":{"line":9,"column":7}}},"fnMap":{"0":{"name":"(anonymous_0)","decl":{"start":{"line":4,"column":31},"end":{"line":4,"column":32}},"loc":{"start":{"line":4,"column":102},"end":{"line":10,"column":1}},"line":4}},"branchMap":{},"s":{"0":0,"1":0},"f":{"0":0},"b":{},"all":true},"C:\\Users\\anura\\OneDrive\\Desktop\\WorkSpace\\project\\ecommerce\\src\\routes\\auth.ts":{"path":"C:\\Users\\anura\\OneDrive\\Desktop\\WorkSpace\\project\\ecommerce\\src\\routes\\auth.ts","statementMap":{"0":{"start":{"line":6,"column":26},"end":{"line":6,"column":34}},"1":{"start":{"line":8,"column":0},"end":{"line":10,"column":3}},"2":{"start":{"line":9,"column":4},"end":{"line":9,"column":31}},"3":{"start":{"line":11,"column":0},"end":{"line":11,"column":49}},"4":{"start":{"line":12,"column":0},"end":{"line":12,"column":47}},"5":{"start":{"line":13,"column":0},"end":{"line":13,"column":57}}},"fnMap":{"0":{"name":"(anonymous_0)","decl":{"start":{"line":8,"column":26},"end":{"line":8,"column":27}},"loc":{"start":{"line":8,"column":40},"end":{"line":10,"column":1}},"line":8}},"branchMap":{},"s":{"0":0,"1":0,"2":0,"3":0,"4":0,"5":0},"f":{"0":0},"b":{},"all":true},"C:\\Users\\anura\\OneDrive\\Desktop\\WorkSpace\\project\\ecommerce\\src\\routes\\index.ts":{"path":"C:\\Users\\anura\\OneDrive\\Desktop\\WorkSpace\\project\\ecommerce\\src\\routes\\index.ts","statementMap":{"0":{"start":{"line":4,"column":26},"end":{"line":4,"column":34}},"1":{"start":{"line":6,"column":0},"end":{"line":6,"column":36}}},"fnMap":{},"branchMap":{},"s":{"0":0,"1":0},"f":{},"b":{},"all":true},"C:\\Users\\anura\\OneDrive\\Desktop\\WorkSpace\\project\\ecommerce\\src\\schema\\user.ts":{"path":"C:\\Users\\anura\\OneDrive\\Desktop\\WorkSpace\\project\\ecommerce\\src\\schema\\user.ts","statementMap":{"0":{"start":{"line":3,"column":28},"end":{"line":7,"column":2}}},"fnMap":{},"branchMap":{},"s":{"0":0},"f":{},"b":{},"all":true},"C:\\Users\\anura\\OneDrive\\Desktop\\WorkSpace\\project\\ecommerce\\src\\secrets.ts":{"path":"C:\\Users\\anura\\OneDrive\\Desktop\\WorkSpace\\project\\ecommerce\\src\\secrets.ts","statementMap":{"0":{"start":{"line":3,"column":0},"end":{"line":3,"column":30}},"1":{"start":{"line":5,"column":20},"end":{"line":5,"column":36}},"2":{"start":{"line":6,"column":26},"end":{"line":6,"column":49}}},"fnMap":{},"branchMap":{},"s":{"0":0,"1":0,"2":0},"f":{},"b":{},"all":true}}