TN:
SF:src\error-handler.ts
FN:1,(anonymous_1)
FN:5,(anonymous_7)
FN:6,(anonymous_8)
FNF:3
FNH:3
FNDA:180,(anonymous_1)
FNDA:86,(anonymous_7)
FNDA:23,(anonymous_8)
DA:1,212
DA:2,2
DA:3,2
DA:5,4
DA:6,86
DA:7,23
DA:8,23
DA:12,12
DA:13,8
DA:15,4
DA:17,12
LF:11
LH:11
BRDA:1,0,0,4
BRDA:1,1,0,2
BRDA:1,1,1,2
BRDA:1,1,2,0
BRDA:1,2,0,4
BRDA:1,2,1,4
BRDA:12,3,0,8
BRDA:12,3,1,4
BRDA:5,4,0,2
BRDA:5,4,1,0
BRF:10
BRH:8
end_of_record
TN:
SF:src\exceptions\bad-request.ts
FN:1,(anonymous_1)
FN:3,(anonymous_7)
FNF:2
FNH:2
FNDA:30,(anonymous_1)
FNDA:10,(anonymous_7)
DA:1,62
DA:2,2
DA:4,10
DA:6,2
LF:4
LH:4
BRDA:1,0,0,4
BRDA:1,1,0,2
BRDA:1,1,1,2
BRDA:1,1,2,0
BRDA:1,2,0,4
BRDA:1,2,1,4
BRDA:6,3,0,2
BRDA:6,3,1,0
BRF:8
BRH:6
end_of_record
TN:
SF:src\exceptions\internal-exception.ts
FN:1,(anonymous_1)
FN:4,(anonymous_7)
FNF:2
FNH:2
FNDA:22,(anonymous_1)
FNDA:6,(anonymous_7)
DA:1,54
DA:3,2
DA:5,6
DA:7,2
LF:4
LH:4
BRDA:1,0,0,4
BRDA:1,1,0,2
BRDA:1,1,1,2
BRDA:1,1,2,0
BRDA:1,2,0,4
BRDA:1,2,1,4
BRDA:7,3,0,2
BRDA:7,3,1,0
BRF:8
BRH:6
end_of_record
TN:
SF:src\exceptions\not-found.ts
FN:1,(anonymous_1)
FN:3,(anonymous_7)
FNF:2
FNH:2
FNDA:30,(anonymous_1)
FNDA:11,(anonymous_7)
DA:1,62
DA:2,2
DA:4,11
DA:6,2
LF:4
LH:4
BRDA:1,0,0,4
BRDA:1,1,0,2
BRDA:1,1,1,2
BRDA:1,1,2,0
BRDA:1,2,0,4
BRDA:1,2,1,4
BRDA:6,3,0,2
BRDA:6,3,1,0
BRF:8
BRH:6
end_of_record
TN:
SF:src\exceptions\root.ts
FN:1,(anonymous_1)
FN:7,(anonymous_8)
FN:15,(anonymous_9)
FNF:3
FNH:3
FNDA:210,(anonymous_1)
FNDA:46,(anonymous_8)
FNDA:2,(anonymous_9)
DA:1,248
DA:8,46
DA:9,46
DA:10,46
DA:11,46
DA:12,46
DA:15,6
DA:16,2
DA:17,2
DA:18,2
DA:19,2
DA:20,2
DA:21,2
DA:22,2
LF:14
LH:14
BRDA:1,0,0,6
BRDA:1,1,0,2
BRDA:1,1,1,2
BRDA:1,1,2,0
BRDA:1,2,0,8
BRDA:1,2,1,8
BRDA:15,3,0,4
BRDA:15,3,1,2
BRF:8
BRH:7
end_of_record
TN:
SF:src\exceptions\unauthorized.ts
FN:1,(anonymous_1)
FN:3,(anonymous_7)
FNF:2
FNH:2
FNDA:46,(anonymous_1)
FNDA:15,(anonymous_7)
DA:1,78
DA:2,2
DA:4,15
DA:6,2
LF:4
LH:4
BRDA:1,0,0,4
BRDA:1,1,0,2
BRDA:1,1,1,2
BRDA:1,1,2,0
BRDA:1,2,0,4
BRDA:1,2,1,4
BRDA:6,3,0,2
BRDA:6,3,1,0
BRF:8
BRH:6
end_of_record
TN:
SF:src\exceptions\validation.ts
FN:1,(anonymous_1)
FN:4,(anonymous_7)
FNF:2
FNH:2
FNDA:6,(anonymous_1)
FNDA:1,(anonymous_7)
DA:1,22
DA:3,1
DA:5,1
DA:7,1
LF:4
LH:4
BRDA:1,0,0,2
BRDA:1,1,0,1
BRDA:1,1,1,1
BRDA:1,1,2,0
BRDA:1,2,0,2
BRDA:1,2,1,2
BRDA:7,3,0,1
BRDA:7,3,1,0
BRF:8
BRH:6
end_of_record
TN:
SF:src\middlewares\admin.ts
FN:1,(anonymous_1)
FN:5,(anonymous_8)
FNF:2
FNH:2
FNDA:12,(anonymous_1)
FNDA:4,(anonymous_8)
DA:1,31
DA:2,1
DA:3,1
DA:5,1
DA:6,4
DA:7,4
DA:8,1
DA:10,3
DA:13,2
LF:9
LH:9
BRDA:1,0,0,3
BRDA:1,1,0,1
BRDA:1,1,1,1
BRDA:1,1,2,0
BRDA:1,2,0,4
BRDA:1,2,1,4
BRDA:7,3,0,1
BRDA:7,3,1,3
BRDA:7,4,0,4
BRDA:7,4,1,3
BRDA:13,5,0,1
BRDA:13,5,1,0
BRF:12
BRH:10
end_of_record
TN:
SF:src\middlewares\errors.ts
FN:1,(anonymous_1)
FN:4,(anonymous_7)
FNF:2
FNH:2
FNDA:78,(anonymous_1)
FNDA:24,(anonymous_7)
DA:1,110
DA:4,4
DA:5,24
LF:3
LH:3
BRDA:1,0,0,4
BRDA:1,1,0,2
BRDA:1,1,1,2
BRDA:1,1,2,0
BRDA:1,2,0,4
BRDA:1,2,1,4
BRDA:4,3,0,2
BRDA:4,3,1,0
BRF:8
BRH:6
end_of_record
TN:
SF:src\schema\user.ts
FN:1,(anonymous_1)
FNF:1
FNH:1
FNDA:52,(anonymous_1)
DA:1,1048
DA:3,2
DA:8,2
LF:3
LH:3
BRDA:1,0,0,484
BRDA:1,1,0,6
BRDA:1,1,1,6
BRDA:1,1,2,2
BRDA:1,2,0,962
BRDA:1,2,1,962
BRDA:8,3,0,2
BRDA:8,3,1,0
BRF:8
BRH:7
end_of_record
