TN:
SF:src\error-handler.ts
FN:1,(anonymous_1)
FN:5,(anonymous_7)
FN:6,(anonymous_8)
FNF:3
FNH:3
FNDA:12,(anonymous_1)
FNDA:4,(anonymous_7)
FNDA:4,(anonymous_8)
DA:1,28
DA:2,1
DA:3,1
DA:5,2
DA:6,4
DA:7,4
DA:8,4
DA:12,3
DA:13,2
DA:15,1
DA:17,3
LF:11
LH:11
BRDA:1,0,0,2
BRDA:1,1,0,1
BRDA:1,1,1,1
BRDA:1,1,2,0
BRDA:1,2,0,2
BRDA:1,2,1,2
BRDA:12,3,0,2
BRDA:12,3,1,1
BRDA:5,4,0,1
BRDA:5,4,1,0
BRF:10
BRH:8
end_of_record
TN:
SF:src\index.ts
FN:32,(anonymous_0)
FNF:1
FNH:0
FNDA:0,(anonymous_0)
DA:10,0
DA:11,0
DA:12,0
DA:13,0
DA:14,0
DA:15,0
DA:16,0
DA:26,0
DA:32,0
DA:33,0
LF:10
LH:0
BRDA:17,0,0,0
BRDA:17,0,1,0
BRDA:18,1,0,0
BRDA:18,1,1,0
BRDA:19,2,0,0
BRDA:19,2,1,0
BRDA:20,3,0,0
BRDA:20,3,1,0
BRDA:21,4,0,0
BRDA:21,4,1,0
BRF:10
BRH:0
end_of_record
TN:
SF:src\secrets.ts
FNF:0
FNH:0
DA:3,0
DA:5,0
DA:6,0
LF:3
LH:0
BRF:0
BRH:0
end_of_record
TN:
SF:src\controllers\auth.ts
FN:11,(anonymous_0)
FN:24,(anonymous_1)
FN:41,(anonymous_2)
FNF:3
FNH:0
FNDA:0,(anonymous_0)
FNDA:0,(anonymous_1)
FNDA:0,(anonymous_2)
DA:11,0
DA:12,0
DA:13,0
DA:14,0
DA:15,0
DA:16,0
DA:18,0
DA:21,0
DA:24,0
DA:25,0
DA:26,0
DA:27,0
DA:28,0
DA:30,0
DA:31,0
DA:33,0
DA:37,0
DA:41,0
DA:42,0
LF:19
LH:0
BRDA:15,0,0,0
BRDA:15,0,1,0
BRDA:27,1,0,0
BRDA:27,1,1,0
BRDA:30,2,0,0
BRDA:30,2,1,0
BRF:6
BRH:0
end_of_record
TN:
SF:src\controllers\product.ts
FN:7,(anonymous_0)
FN:16,(anonymous_1)
FN:33,(anonymous_2)
FN:45,(anonymous_3)
FN:53,(anonymous_4)
FNF:5
FNH:0
FNDA:0,(anonymous_0)
FNDA:0,(anonymous_1)
FNDA:0,(anonymous_2)
FNDA:0,(anonymous_3)
FNDA:0,(anonymous_4)
DA:7,0
DA:8,0
DA:14,0
DA:16,0
DA:17,0
DA:18,0
DA:19,0
DA:20,0
DA:22,0
DA:26,0
DA:29,0
DA:33,0
DA:34,0
DA:35,0
DA:36,0
DA:39,0
DA:42,0
DA:45,0
DA:46,0
DA:47,0
DA:50,0
DA:53,0
DA:54,0
DA:55,0
DA:58,0
DA:59,0
DA:61,0
DA:64,0
LF:28
LH:0
BRDA:19,0,0,0
BRDA:19,0,1,0
BRDA:58,1,0,0
BRDA:58,1,1,0
BRF:4
BRH:0
end_of_record
TN:
SF:src\exceptions\bad-request.ts
FN:1,(anonymous_1)
FN:3,(anonymous_7)
FNF:2
FNH:2
FNDA:16,(anonymous_1)
FNDA:5,(anonymous_7)
DA:1,32
DA:2,1
DA:4,5
DA:6,1
LF:4
LH:4
BRDA:1,0,0,2
BRDA:1,1,0,1
BRDA:1,1,1,1
BRDA:1,1,2,0
BRDA:1,2,0,2
BRDA:1,2,1,2
BRDA:6,3,0,1
BRDA:6,3,1,0
BRF:8
BRH:6
end_of_record
TN:
SF:src\exceptions\internal-exception.ts
FN:1,(anonymous_1)
FN:4,(anonymous_7)
FNF:2
FNH:2
FNDA:10,(anonymous_1)
FNDA:2,(anonymous_7)
DA:1,26
DA:3,1
DA:5,2
DA:7,1
LF:4
LH:4
BRDA:1,0,0,2
BRDA:1,1,0,1
BRDA:1,1,1,1
BRDA:1,1,2,0
BRDA:1,2,0,2
BRDA:1,2,1,2
BRDA:7,3,0,1
BRDA:7,3,1,0
BRF:8
BRH:6
end_of_record
TN:
SF:src\exceptions\not-found.ts
FN:1,(anonymous_1)
FN:3,(anonymous_7)
FNF:2
FNH:2
FNDA:10,(anonymous_1)
FNDA:3,(anonymous_7)
DA:1,26
DA:2,1
DA:4,3
DA:6,1
LF:4
LH:4
BRDA:1,0,0,2
BRDA:1,1,0,1
BRDA:1,1,1,1
BRDA:1,1,2,0
BRDA:1,2,0,2
BRDA:1,2,1,2
BRDA:6,3,0,1
BRDA:6,3,1,0
BRF:8
BRH:6
end_of_record
TN:
SF:src\exceptions\root.ts
FN:1,(anonymous_1)
FN:7,(anonymous_8)
FN:15,(anonymous_9)
FNF:3
FNH:3
FNDA:114,(anonymous_1)
FNDA:20,(anonymous_8)
FNDA:1,(anonymous_9)
DA:1,133
DA:8,20
DA:9,20
DA:10,20
DA:11,20
DA:12,20
DA:15,3
DA:16,1
DA:17,1
DA:18,1
DA:19,1
DA:20,1
DA:21,1
DA:22,1
LF:14
LH:14
BRDA:1,0,0,3
BRDA:1,1,0,1
BRDA:1,1,1,1
BRDA:1,1,2,0
BRDA:1,2,0,4
BRDA:1,2,1,4
BRDA:15,3,0,2
BRDA:15,3,1,1
BRF:8
BRH:7
end_of_record
TN:
SF:src\exceptions\unauthorized.ts
FN:1,(anonymous_1)
FN:3,(anonymous_7)
FNF:2
FNH:2
FNDA:18,(anonymous_1)
FNDA:6,(anonymous_7)
DA:1,34
DA:2,1
DA:4,6
DA:6,1
LF:4
LH:4
BRDA:1,0,0,2
BRDA:1,1,0,1
BRDA:1,1,1,1
BRDA:1,1,2,0
BRDA:1,2,0,2
BRDA:1,2,1,2
BRDA:6,3,0,1
BRDA:6,3,1,0
BRF:8
BRH:6
end_of_record
TN:
SF:src\exceptions\validation.ts
FN:1,(anonymous_1)
FN:4,(anonymous_7)
FNF:2
FNH:2
FNDA:6,(anonymous_1)
FNDA:1,(anonymous_7)
DA:1,22
DA:3,1
DA:5,1
DA:7,1
LF:4
LH:4
BRDA:1,0,0,2
BRDA:1,1,0,1
BRDA:1,1,1,1
BRDA:1,1,2,0
BRDA:1,2,0,2
BRDA:1,2,1,2
BRDA:7,3,0,1
BRDA:7,3,1,0
BRF:8
BRH:6
end_of_record
TN:
SF:src\middlewares\admin.ts
FN:5,(anonymous_0)
FNF:1
FNH:0
FNDA:0,(anonymous_0)
DA:5,0
DA:6,0
DA:7,0
DA:8,0
DA:10,0
LF:5
LH:0
BRDA:7,0,0,0
BRDA:7,0,1,0
BRDA:7,1,0,0
BRDA:7,1,1,0
BRF:4
BRH:0
end_of_record
TN:
SF:src\middlewares\auth.ts
FN:8,(anonymous_0)
FNF:1
FNH:0
FNDA:0,(anonymous_0)
DA:8,0
DA:10,0
DA:12,0
DA:13,0
DA:14,0
DA:16,0
DA:17,0
DA:18,0
DA:19,0
DA:20,0
DA:21,0
DA:23,0
DA:24,0
DA:27,0
DA:28,0
LF:15
LH:0
BRDA:12,0,0,0
BRDA:12,0,1,0
BRDA:19,1,0,0
BRDA:19,1,1,0
BRDA:27,2,0,0
BRDA:27,2,1,0
BRF:6
BRH:0
end_of_record
TN:
SF:src\middlewares\errors.ts
FN:1,(anonymous_1)
FN:4,(anonymous_7)
FNF:2
FNH:2
FNDA:12,(anonymous_1)
FNDA:4,(anonymous_7)
DA:1,28
DA:4,2
DA:5,4
LF:3
LH:3
BRDA:1,0,0,2
BRDA:1,1,0,1
BRDA:1,1,1,1
BRDA:1,1,2,0
BRDA:1,2,0,2
BRDA:1,2,1,2
BRDA:4,3,0,1
BRDA:4,3,1,0
BRF:8
BRH:6
end_of_record
TN:
SF:src\routes\auth.ts
FN:8,(anonymous_0)
FNF:1
FNH:0
FNDA:0,(anonymous_0)
DA:6,0
DA:8,0
DA:9,0
DA:11,0
DA:12,0
DA:13,0
LF:6
LH:0
BRF:0
BRH:0
end_of_record
TN:
SF:src\routes\index.ts
FNF:0
FNH:0
DA:5,0
DA:7,0
DA:8,0
LF:3
LH:0
BRF:0
BRH:0
end_of_record
TN:
SF:src\routes\product.ts
FNF:0
FNH:0
DA:7,0
DA:8,0
DA:9,0
DA:10,0
DA:11,0
DA:12,0
LF:6
LH:0
BRF:0
BRH:0
end_of_record
TN:
SF:src\schema\user.ts
FN:1,(anonymous_1)
FNF:1
FNH:1
FNDA:30,(anonymous_1)
DA:1,528
DA:3,1
DA:8,1
LF:3
LH:3
BRDA:1,0,0,242
BRDA:1,1,0,3
BRDA:1,1,1,3
BRDA:1,1,2,1
BRDA:1,2,0,481
BRDA:1,2,1,481
BRDA:8,3,0,1
BRDA:8,3,1,0
BRF:8
BRH:7
end_of_record
